<?xml version="1.0" encoding="UTF-8"?>
<!-- Generated by org.testng.reporters.JUnitXMLReporter -->
<testsuite hostname="mypc" name="Test" tests="1" failures="1" timestamp="19 May 2020 07:21:10 GMT" time="231.063" errors="0">
  <testcase name="start" time="217.105" classname="Test_Package.Image">
    <failure type="java.lang.NullPointerException">
      <![CDATA[java.lang.NullPointerException
	at Test_Package.Image.start(Image.java:48)
... Removed 24 stack frames]]>
    </failure>
  </testcase> <!-- start -->
</testsuite> <!-- Test -->
